<?xml version="1.0" encoding="UTF-8"?>
<!-- Generated by org.testng.reporters.JUnitReportReporter -->
<testsuite hostname="Resh" failures="0" tests="2" name="com.OrangeHrm.Testcases.DashBoardPageTest" time="3.289" errors="0" timestamp="2024-11-10T22:06:26 IST" skipped="0">
  <testcase classname="com.OrangeHrm.Testcases.DashBoardPageTest" name="ValidateSize" time="0.524"/>
  <testcase classname="com.OrangeHrm.Testcases.DashBoardPageTest" name="ValidateOptions" time="2.765"/>
</testsuite> <!-- com.OrangeHrm.Testcases.DashBoardPageTest -->
