<?xml version="1.0" encoding="UTF-8"?>
<!-- Generated by org.testng.reporters.JUnitReportReporter -->
<testsuite hostname="Resh" failures="0" tests="3" name="com.OrangeHrm.Testcases.LoginPageTest" time="2.077" errors="0" timestamp="2024-11-13T16:24:31 IST" skipped="0">
  <testcase classname="com.OrangeHrm.Testcases.LoginPageTest" name="ValidateUrl" time="0.035"/>
  <testcase classname="com.OrangeHrm.Testcases.LoginPageTest" name="ValidateTitle" time="0.017"/>
  <testcase classname="com.OrangeHrm.Testcases.LoginPageTest" name="ValidateLogin" time="2.025"/>
</testsuite> <!-- com.OrangeHrm.Testcases.LoginPageTest -->
