<?xml version="1.0" encoding="UTF-8"?>
<!-- Generated by org.testng.reporters.JUnitReportReporter -->
<testsuite hostname="Resh" failures="0" tests="4" name="com.OrangeHrm.Testcases.AdminPageTest" time="12.218" errors="0" timestamp="2024-11-13T16:24:31 IST" skipped="0">
  <testcase classname="com.OrangeHrm.Testcases.AdminPageTest" name="ValidateSize_and_ClickingOnAdmin" time="4.741"/>
  <testcase classname="com.OrangeHrm.Testcases.AdminPageTest" name="Validate_searchByUserName" time="3.145"/>
  <testcase classname="com.OrangeHrm.Testcases.AdminPageTest" name="Validate_searchByUserRole" time="1.818"/>
  <testcase classname="com.OrangeHrm.Testcases.AdminPageTest" name="Validate_searchByUserStatus" time="2.514"/>
</testsuite> <!-- com.OrangeHrm.Testcases.AdminPageTest -->
